<?xml version="1.0" encoding="UTF-8"?>
<!-- Generated by org.testng.reporters.JUnitXMLReporter -->
<testsuite ignored="0" hostname="RATHU" failures="0" tests="3" name="Test" time="29.605" errors="0" timestamp="2020-12-02T14:44:11 IST">
  <testcase classname="TargetTests.MainHomePageTest" name="AnputFromSuggestion" time="6.81"/>
  <testcase classname="TargetTests.MainHomePageTest" name="DatesSel" time="0.919"/>
  <testcase classname="TargetTests.MainHomePageTest" name="TravelBlock" time="12.075"/>
</testsuite> <!-- Test -->
