<?xml version="1.0" encoding="UTF-8"?>
<testsuite xmlns:xsi="http://www.w3.org/2001/XMLSchema-instance" xsi:noNamespaceSchemaLocation="https://maven.apache.org/surefire/maven-surefire-plugin/xsd/surefire-test-report-3.0.xsd" version="3.0" name="TestSuite" time="30.576" tests="3" errors="0" skipped="0" failures="0">
  <properties>
[...]
</properties>
  <testcase name="AnputFromSuggestion[CJB, HYD](1)" classname="TargetTests.MainHomePageTest" time="6.799">
    <system-err><![CDATA[Starting ChromeDriver 87.0.4280.20 (c99e81631faa0b2a448e658c0dbd8311fb04ddbd-refs/branch-heads/4280@{#355}) on port 10861
Only local connections are allowed.
Please see https://chromedriver.chromium.org/security-considerations for suggestions on keeping ChromeDriver safe.
ChromeDriver was started successfully.
Dec 02, 2020 2:43:45 PM org.openqa.selenium.remote.ProtocolHandshake createSession
INFO: Detected dialect: W3C
]]></system-err>
  </testcase>
  <testcase name="DatesSel[January, 1, January, 3](1)" classname="TargetTests.MainHomePageTest" time="0.911">
    <system-out><![CDATA[December 2020
January 2021
]]></system-out>
  </testcase>
  <testcase name="TravelBlock[3, 2, 1, Economy](1)" classname="TargetTests.MainHomePageTest" time="12.076">
    <system-out><![CDATA[3
3
10
20
]]></system-out>
  </testcase>
</testsuite>