<?xml version="1.0" encoding="UTF-8"?>
<testng-results ignored="0" total="3" passed="3" failed="0" skipped="0">
  <reporter-output>
  </reporter-output>
  <suite started-at="2020-12-02T14:43:41 IST" name="Suite" finished-at="2020-12-02T14:44:11 IST" duration-ms="29605">
    <groups>
    </groups>
    <test started-at="2020-12-02T14:43:41 IST" name="Test" finished-at="2020-12-02T14:44:11 IST" duration-ms="29605">
      <class name="TargetTests.MainHomePageTest">
        <test-method is-config="true" signature="InitialCall()[pri:0, instance:TargetTests.MainHomePageTest@7f284218]" started-at="2020-12-02T14:43:41 IST" name="InitialCall" finished-at="2020-12-02T14:43:51 IST" duration-ms="9760" status="PASS">
          <reporter-output>
          </reporter-output>
        </test-method> <!-- InitialCall -->
        <test-method signature="AnputFromSuggestion(java.lang.String, java.lang.String)[pri:0, instance:TargetTests.MainHomePageTest@7f284218]" started-at="2020-12-02T14:43:51 IST" name="AnputFromSuggestion" data-provider="FromAndTOSuggestData" finished-at="2020-12-02T14:43:58 IST" duration-ms="6810" status="PASS">
          <params>
            <param index="0">
              <value>
                <![CDATA[CJB]]>
              </value>
            </param>
            <param index="1">
              <value>
                <![CDATA[HYD]]>
              </value>
            </param>
          </params>
          <reporter-output>
          </reporter-output>
        </test-method> <!-- AnputFromSuggestion -->
        <test-method signature="DatesSel(java.lang.String, java.lang.String, java.lang.String, java.lang.String)[pri:0, instance:TargetTests.MainHomePageTest@7f284218]" started-at="2020-12-02T14:43:58 IST" name="DatesSel" data-provider="DatesSelection" finished-at="2020-12-02T14:43:59 IST" duration-ms="919" status="PASS">
          <params>
            <param index="0">
              <value>
                <![CDATA[January]]>
              </value>
            </param>
            <param index="1">
              <value>
                <![CDATA[1]]>
              </value>
            </param>
            <param index="2">
              <value>
                <![CDATA[January]]>
              </value>
            </param>
            <param index="3">
              <value>
                <![CDATA[3]]>
              </value>
            </param>
          </params>
          <reporter-output>
          </reporter-output>
        </test-method> <!-- DatesSel -->
        <test-method signature="TravelBlock(java.lang.Integer, java.lang.Integer, java.lang.Integer, java.lang.String)[pri:0, instance:TargetTests.MainHomePageTest@7f284218]" started-at="2020-12-02T14:43:59 IST" name="TravelBlock" data-provider="TravelData" finished-at="2020-12-02T14:44:11 IST" duration-ms="12075" status="PASS">
          <params>
            <param index="0">
              <value>
                <![CDATA[3]]>
              </value>
            </param>
            <param index="1">
              <value>
                <![CDATA[2]]>
              </value>
            </param>
            <param index="2">
              <value>
                <![CDATA[1]]>
              </value>
            </param>
            <param index="3">
              <value>
                <![CDATA[Economy]]>
              </value>
            </param>
          </params>
          <reporter-output>
          </reporter-output>
        </test-method> <!-- TravelBlock -->
      </class> <!-- TargetTests.MainHomePageTest -->
    </test> <!-- Test -->
  </suite> <!-- Suite -->
</testng-results>
