<?xml version="1.0" encoding="UTF-8"?>
<!-- Generated by org.testng.reporters.JUnitXMLReporter -->
<testsuite ignored="0" hostname="RATHU" failures="0" tests="3" name="Test" time="29.298" errors="0" timestamp="2020-12-17T11:39:17 IST">
  <testcase classname="TargetTests.MainHomePageTest" name="AnputFromSuggestion" time="6.888"/>
  <testcase classname="TargetTests.MainHomePageTest" name="DatesSel" time="1.301"/>
  <testcase classname="TargetTests.MainHomePageTest" name="TravelBlock" time="10.255"/>
</testsuite> <!-- Test -->
